This file contains any messages produced by compilers while
running configure, to aid debugging if configure makes a mistake.

It was created by lpcnet configure unknown, which was
generated by GNU Autoconf 2.69.  Invocation command line was

  $ ./configure 

## --------- ##
## Platform. ##
## --------- ##

hostname = gpu96.corp.yodao.com
uname -m = x86_64
uname -r = 3.10.0-957.12.2.el7.x86_64
uname -s = Linux
uname -v = #1 SMP Tue May 14 21:24:32 UTC 2019

/usr/bin/uname -p = x86_64
/bin/uname -X     = unknown

/bin/arch              = x86_64
/usr/bin/arch -k       = unknown
/usr/convex/getsysinfo = unknown
/usr/bin/hostinfo      = unknown
/bin/machine           = unknown
/usr/bin/oslevel       = unknown
/bin/universe          = unknown

PATH: /ssd4/exec/yins/tools/anaconda/envs/pytorch/bin
PATH: /ssd4/exec/yins/tools/anaconda/condabin
PATH: /ssd3/sge/bin/linux-x64
PATH: /ssd4/exec/yins/tools/anaconda/bin
PATH: /ssd4/exec/yins/tools/cuda-10.0/bin
PATH: /ssd1/slurm/bin
PATH: /usr/local/bin
PATH: /usr/bin
PATH: /usr/local/sbin
PATH: /usr/sbin
PATH: /opt/puppetlabs/bin
PATH: /home/yins/bin


## ----------- ##
## Core tests. ##
## ----------- ##

configure:2288: checking for gcc
configure:2304: found /usr/bin/gcc
configure:2315: result: gcc
configure:2544: checking for C compiler version
configure:2553: gcc --version >&5
gcc (GCC) 4.8.5 20150623 (Red Hat 4.8.5-39)
Copyright (C) 2015 Free Software Foundation, Inc.
This is free software; see the source for copying conditions.  There is NO
warranty; not even for MERCHANTABILITY or FITNESS FOR A PARTICULAR PURPOSE.

configure:2564: $? = 0
configure:2553: gcc -v >&5
Using built-in specs.
COLLECT_GCC=gcc
COLLECT_LTO_WRAPPER=/usr/libexec/gcc/x86_64-redhat-linux/4.8.5/lto-wrapper
Target: x86_64-redhat-linux
Configured with: ../configure --prefix=/usr --mandir=/usr/share/man --infodir=/usr/share/info --with-bugurl=http://bugzilla.redhat.com/bugzilla --enable-bootstrap --enable-shared --enable-threads=posix --enable-checking=release --with-system-zlib --enable-__cxa_atexit --disable-libunwind-exceptions --enable-gnu-unique-object --enable-linker-build-id --with-linker-hash-style=gnu --enable-languages=c,c++,objc,obj-c++,java,fortran,ada,go,lto --enable-plugin --enable-initfini-array --disable-libgcj --with-isl=/builddir/build/BUILD/gcc-4.8.5-20150702/obj-x86_64-redhat-linux/isl-install --with-cloog=/builddir/build/BUILD/gcc-4.8.5-20150702/obj-x86_64-redhat-linux/cloog-install --enable-gnu-indirect-function --with-tune=generic --with-arch_32=x86-64 --build=x86_64-redhat-linux
Thread model: posix
gcc version 4.8.5 20150623 (Red Hat 4.8.5-39) (GCC) 
configure:2564: $? = 0
configure:2553: gcc -V >&5
gcc: error: unrecognized command line option '-V'
gcc: fatal error: no input files
compilation terminated.
configure:2564: $? = 4
configure:2553: gcc -qversion >&5
gcc: error: unrecognized command line option '-qversion'
gcc: fatal error: no input files
compilation terminated.
configure:2564: $? = 4
configure:2584: checking whether the C compiler works
configure:2606: gcc -O3 -g -mavx2 -mfma   conftest.c  >&5
configure:2610: $? = 0
configure:2658: result: yes
configure:2661: checking for C compiler default output file name
configure:2663: result: a.out
configure:2669: checking for suffix of executables
configure:2676: gcc -o conftest -O3 -g -mavx2 -mfma   conftest.c  >&5
configure:2680: $? = 0
configure:2702: result: 
configure:2724: checking whether we are cross compiling
configure:2732: gcc -o conftest -O3 -g -mavx2 -mfma   conftest.c  >&5
configure:2736: $? = 0
configure:2743: ./conftest
configure:2747: $? = 0
configure:2762: result: no
configure:2767: checking for suffix of object files
configure:2789: gcc -c -O3 -g -mavx2 -mfma  conftest.c >&5
configure:2793: $? = 0
configure:2814: result: o
configure:2818: checking whether we are using the GNU C compiler
configure:2837: gcc -c -O3 -g -mavx2 -mfma  conftest.c >&5
configure:2837: $? = 0
configure:2846: result: yes
configure:2855: checking whether gcc accepts -g
configure:2875: gcc -c -g  conftest.c >&5
configure:2875: $? = 0
configure:2916: result: yes
configure:2933: checking for gcc option to accept ISO C89
configure:2996: gcc  -c -O3 -g -mavx2 -mfma  conftest.c >&5
configure:2996: $? = 0
configure:3009: result: none needed
configure:3035: checking how to run the C preprocessor
configure:3066: gcc -E  conftest.c
configure:3066: $? = 0
configure:3080: gcc -E  conftest.c
conftest.c:9:28: fatal error: ac_nonexistent.h: No such file or directory
 #include <ac_nonexistent.h>
                            ^
compilation terminated.
configure:3080: $? = 1
configure: failed program was:
| /* confdefs.h */
| #define PACKAGE_NAME "lpcnet"
| #define PACKAGE_TARNAME "lpcnet"
| #define PACKAGE_VERSION "unknown"
| #define PACKAGE_STRING "lpcnet unknown"
| #define PACKAGE_BUGREPORT "jmvalin@jmvalin.ca"
| #define PACKAGE_URL ""
| /* end confdefs.h.  */
| #include <ac_nonexistent.h>
configure:3105: result: gcc -E
configure:3125: gcc -E  conftest.c
configure:3125: $? = 0
configure:3139: gcc -E  conftest.c
conftest.c:9:28: fatal error: ac_nonexistent.h: No such file or directory
 #include <ac_nonexistent.h>
                            ^
compilation terminated.
configure:3139: $? = 1
configure: failed program was:
| /* confdefs.h */
| #define PACKAGE_NAME "lpcnet"
| #define PACKAGE_TARNAME "lpcnet"
| #define PACKAGE_VERSION "unknown"
| #define PACKAGE_STRING "lpcnet unknown"
| #define PACKAGE_BUGREPORT "jmvalin@jmvalin.ca"
| #define PACKAGE_URL ""
| /* end confdefs.h.  */
| #include <ac_nonexistent.h>
configure:3168: checking for grep that handles long lines and -e
configure:3226: result: /usr/bin/grep
configure:3231: checking for egrep
configure:3293: result: /usr/bin/grep -E
configure:3298: checking for ANSI C header files
configure:3318: gcc -c -O3 -g -mavx2 -mfma  conftest.c >&5
configure:3318: $? = 0
configure:3391: gcc -o conftest -O3 -g -mavx2 -mfma   conftest.c  >&5
configure:3391: $? = 0
configure:3391: ./conftest
configure:3391: $? = 0
configure:3402: result: yes
configure:3415: checking for sys/types.h
configure:3415: gcc -c -O3 -g -mavx2 -mfma  conftest.c >&5
configure:3415: $? = 0
configure:3415: result: yes
configure:3415: checking for sys/stat.h
configure:3415: gcc -c -O3 -g -mavx2 -mfma  conftest.c >&5
configure:3415: $? = 0
configure:3415: result: yes
configure:3415: checking for stdlib.h
configure:3415: gcc -c -O3 -g -mavx2 -mfma  conftest.c >&5
configure:3415: $? = 0
configure:3415: result: yes
configure:3415: checking for string.h
configure:3415: gcc -c -O3 -g -mavx2 -mfma  conftest.c >&5
configure:3415: $? = 0
configure:3415: result: yes
configure:3415: checking for memory.h
configure:3415: gcc -c -O3 -g -mavx2 -mfma  conftest.c >&5
configure:3415: $? = 0
configure:3415: result: yes
configure:3415: checking for strings.h
configure:3415: gcc -c -O3 -g -mavx2 -mfma  conftest.c >&5
configure:3415: $? = 0
configure:3415: result: yes
configure:3415: checking for inttypes.h
configure:3415: gcc -c -O3 -g -mavx2 -mfma  conftest.c >&5
configure:3415: $? = 0
configure:3415: result: yes
configure:3415: checking for stdint.h
configure:3415: gcc -c -O3 -g -mavx2 -mfma  conftest.c >&5
configure:3415: $? = 0
configure:3415: result: yes
configure:3415: checking for unistd.h
configure:3415: gcc -c -O3 -g -mavx2 -mfma  conftest.c >&5
configure:3415: $? = 0
configure:3415: result: yes
configure:3428: checking minix/config.h usability
configure:3428: gcc -c -O3 -g -mavx2 -mfma  conftest.c >&5
conftest.c:52:26: fatal error: minix/config.h: No such file or directory
 #include <minix/config.h>
                          ^
compilation terminated.
configure:3428: $? = 1
configure: failed program was:
| /* confdefs.h */
| #define PACKAGE_NAME "lpcnet"
| #define PACKAGE_TARNAME "lpcnet"
| #define PACKAGE_VERSION "unknown"
| #define PACKAGE_STRING "lpcnet unknown"
| #define PACKAGE_BUGREPORT "jmvalin@jmvalin.ca"
| #define PACKAGE_URL ""
| #define STDC_HEADERS 1
| #define HAVE_SYS_TYPES_H 1
| #define HAVE_SYS_STAT_H 1
| #define HAVE_STDLIB_H 1
| #define HAVE_STRING_H 1
| #define HAVE_MEMORY_H 1
| #define HAVE_STRINGS_H 1
| #define HAVE_INTTYPES_H 1
| #define HAVE_STDINT_H 1
| #define HAVE_UNISTD_H 1
| /* end confdefs.h.  */
| #include <stdio.h>
| #ifdef HAVE_SYS_TYPES_H
| # include <sys/types.h>
| #endif
| #ifdef HAVE_SYS_STAT_H
| # include <sys/stat.h>
| #endif
| #ifdef STDC_HEADERS
| # include <stdlib.h>
| # include <stddef.h>
| #else
| # ifdef HAVE_STDLIB_H
| #  include <stdlib.h>
| # endif
| #endif
| #ifdef HAVE_STRING_H
| # if !defined STDC_HEADERS && defined HAVE_MEMORY_H
| #  include <memory.h>
| # endif
| # include <string.h>
| #endif
| #ifdef HAVE_STRINGS_H
| # include <strings.h>
| #endif
| #ifdef HAVE_INTTYPES_H
| # include <inttypes.h>
| #endif
| #ifdef HAVE_STDINT_H
| # include <stdint.h>
| #endif
| #ifdef HAVE_UNISTD_H
| # include <unistd.h>
| #endif
| #include <minix/config.h>
configure:3428: result: no
configure:3428: checking minix/config.h presence
configure:3428: gcc -E  conftest.c
conftest.c:19:26: fatal error: minix/config.h: No such file or directory
 #include <minix/config.h>
                          ^
compilation terminated.
configure:3428: $? = 1
configure: failed program was:
| /* confdefs.h */
| #define PACKAGE_NAME "lpcnet"
| #define PACKAGE_TARNAME "lpcnet"
| #define PACKAGE_VERSION "unknown"
| #define PACKAGE_STRING "lpcnet unknown"
| #define PACKAGE_BUGREPORT "jmvalin@jmvalin.ca"
| #define PACKAGE_URL ""
| #define STDC_HEADERS 1
| #define HAVE_SYS_TYPES_H 1
| #define HAVE_SYS_STAT_H 1
| #define HAVE_STDLIB_H 1
| #define HAVE_STRING_H 1
| #define HAVE_MEMORY_H 1
| #define HAVE_STRINGS_H 1
| #define HAVE_INTTYPES_H 1
| #define HAVE_STDINT_H 1
| #define HAVE_UNISTD_H 1
| /* end confdefs.h.  */
| #include <minix/config.h>
configure:3428: result: no
configure:3428: checking for minix/config.h
configure:3428: result: no
configure:3449: checking whether it is safe to define __EXTENSIONS__
configure:3467: gcc -c -O3 -g -mavx2 -mfma  conftest.c >&5
configure:3467: $? = 0
configure:3474: result: yes
configure:3495: checking for special C compiler options needed for large files
configure:3540: result: no
configure:3546: checking for _FILE_OFFSET_BITS value needed for large files
configure:3571: gcc -c -O3 -g -mavx2 -mfma  conftest.c >&5
configure:3571: $? = 0
configure:3603: result: no
configure:3734: checking for a BSD-compatible install
configure:3802: result: /usr/bin/install -c
configure:3813: checking whether build environment is sane
configure:3868: result: yes
configure:4019: checking for a thread-safe mkdir -p
configure:4058: result: /usr/bin/mkdir -p
configure:4065: checking for gawk
configure:4081: found /usr/bin/gawk
configure:4092: result: gawk
configure:4103: checking whether make sets $(MAKE)
configure:4125: result: yes
configure:4155: checking for style of include used by make
configure:4183: result: GNU
configure:4217: checking whether make supports nested variables
configure:4234: result: yes
configure:4310: checking dependency style of gcc
configure:4421: result: gcc3
configure:4438: checking whether to enable maintainer-specific portions of Makefiles
configure:4447: result: yes
configure:4461: checking for inline
configure:4477: gcc -c -O3 -g -mavx2 -mfma  conftest.c >&5
configure:4477: $? = 0
configure:4485: result: inline
configure:4533: checking build system type
configure:4547: result: x86_64-unknown-linux-gnu
configure:4567: checking host system type
configure:4580: result: x86_64-unknown-linux-gnu
configure:4621: checking how to print strings
configure:4648: result: printf
configure:4669: checking for a sed that does not truncate output
configure:4733: result: /usr/bin/sed
configure:4751: checking for fgrep
configure:4813: result: /usr/bin/grep -F
configure:4848: checking for ld used by gcc
configure:4915: result: /usr/bin/ld
configure:4922: checking if the linker (/usr/bin/ld) is GNU ld
configure:4937: result: yes
configure:4949: checking for BSD- or MS-compatible name lister (nm)
configure:5003: result: /usr/bin/nm -B
configure:5133: checking the name lister (/usr/bin/nm -B) interface
configure:5140: gcc -c -O3 -g -mavx2 -mfma  conftest.c >&5
configure:5143: /usr/bin/nm -B "conftest.o"
configure:5146: output
0000000000000000 B some_variable
configure:5153: result: BSD nm
configure:5156: checking whether ln -s works
configure:5160: result: yes
configure:5168: checking the maximum length of command line arguments
configure:5299: result: 1572864
configure:5347: checking how to convert x86_64-unknown-linux-gnu file names to x86_64-unknown-linux-gnu format
configure:5387: result: func_convert_file_noop
configure:5394: checking how to convert x86_64-unknown-linux-gnu file names to toolchain format
configure:5414: result: func_convert_file_noop
configure:5421: checking for /usr/bin/ld option to reload object files
configure:5428: result: -r
configure:5502: checking for objdump
configure:5518: found /usr/bin/objdump
configure:5529: result: objdump
configure:5561: checking how to recognize dependent libraries
configure:5761: result: pass_all
configure:5846: checking for dlltool
configure:5876: result: no
configure:5906: checking how to associate runtime and link libraries
configure:5933: result: printf %s\n
configure:5993: checking for ar
configure:6009: found /usr/bin/ar
configure:6020: result: ar
configure:6057: checking for archiver @FILE support
configure:6074: gcc -c -O3 -g -mavx2 -mfma  conftest.c >&5
configure:6074: $? = 0
configure:6077: ar cru libconftest.a @conftest.lst >&5
configure:6080: $? = 0
configure:6085: ar cru libconftest.a @conftest.lst >&5
ar: conftest.o: No such file or directory
configure:6088: $? = 1
configure:6100: result: @
configure:6158: checking for strip
configure:6174: found /usr/bin/strip
configure:6185: result: strip
configure:6257: checking for ranlib
configure:6273: found /usr/bin/ranlib
configure:6284: result: ranlib
configure:6386: checking command to parse /usr/bin/nm -B output from gcc object
configure:6539: gcc -c -O3 -g -mavx2 -mfma  conftest.c >&5
configure:6542: $? = 0
configure:6546: /usr/bin/nm -B conftest.o \| sed -n -e 's/^.*[ ]\([ABCDGIRSTW][ABCDGIRSTW]*\)[ ][ ]*\([_A-Za-z][_A-Za-z0-9]*\)$/\1 \2 \2/p' | sed '/ __gnu_lto/d' \> conftest.nm
configure:6549: $? = 0
configure:6615: gcc -o conftest -O3 -g -mavx2 -mfma   conftest.c conftstm.o >&5
configure:6618: $? = 0
configure:6656: result: ok
configure:6703: checking for sysroot
configure:6733: result: no
configure:6740: checking for a working dd
configure:6778: result: /usr/bin/dd
configure:6782: checking how to truncate binary pipes
configure:6797: result: /usr/bin/dd bs=4096 count=1
configure:6933: gcc -c -O3 -g -mavx2 -mfma  conftest.c >&5
configure:6936: $? = 0
configure:7126: checking for mt
configure:7156: result: no
configure:7176: checking if : is a manifest tool
configure:7182: : '-?'
configure:7190: result: no
configure:7864: checking for dlfcn.h
configure:7864: gcc -c -O3 -g -mavx2 -mfma  conftest.c >&5
configure:7864: $? = 0
configure:7864: result: yes
configure:8120: checking for objdir
configure:8135: result: .libs
configure:8399: checking if gcc supports -fno-rtti -fno-exceptions
configure:8417: gcc -c -O3 -g -mavx2 -mfma  -fno-rtti -fno-exceptions conftest.c >&5
cc1: warning: command line option '-fno-rtti' is valid for C++/ObjC++ but not for C [enabled by default]
configure:8421: $? = 0
configure:8434: result: no
configure:8792: checking for gcc option to produce PIC
configure:8799: result: -fPIC -DPIC
configure:8807: checking if gcc PIC flag -fPIC -DPIC works
configure:8825: gcc -c -O3 -g -mavx2 -mfma  -fPIC -DPIC -DPIC conftest.c >&5
configure:8829: $? = 0
configure:8842: result: yes
configure:8871: checking if gcc static flag -static works
configure:8899: result: yes
configure:8914: checking if gcc supports -c -o file.o
configure:8935: gcc -c -O3 -g -mavx2 -mfma  -o out/conftest2.o conftest.c >&5
configure:8939: $? = 0
configure:8961: result: yes
configure:8969: checking if gcc supports -c -o file.o
configure:9016: result: yes
configure:9049: checking whether the gcc linker (/usr/bin/ld -m elf_x86_64) supports shared libraries
configure:10308: result: yes
configure:10345: checking whether -lc should be explicitly linked in
configure:10353: gcc -c -O3 -g -mavx2 -mfma  conftest.c >&5
configure:10356: $? = 0
configure:10371: gcc -shared  -fPIC -DPIC conftest.o  -v -Wl,-soname -Wl,conftest -o conftest 2\>\&1 \| /usr/bin/grep  -lc  \>/dev/null 2\>\&1
configure:10374: $? = 0
configure:10388: result: no
configure:10548: checking dynamic linker characteristics
configure:11129: gcc -o conftest -O3 -g -mavx2 -mfma   -Wl,-rpath -Wl,/foo conftest.c  >&5
configure:11129: $? = 0
configure:11366: result: GNU/Linux ld.so
configure:11488: checking how to hardcode library paths into programs
configure:11513: result: immediate
configure:12061: checking whether stripping libraries is possible
configure:12066: result: yes
configure:12101: checking if libtool supports shared libraries
configure:12103: result: yes
configure:12106: checking whether to build shared libraries
configure:12131: result: yes
configure:12134: checking whether to build static libraries
configure:12138: result: yes
configure:12187: checking whether make supports nested variables
configure:12204: result: yes
configure:12232: checking if gcc supports -pedantic flag
configure:12247: gcc -o conftest -O3 -g -mavx2 -mfma -pedantic   conftest.c  >&5
configure:12247: $? = 0
configure:12265: result: yes
configure:12232: checking if gcc supports -Wall flag
configure:12247: gcc -o conftest -O3 -g -mavx2 -mfma -pedantic -Wall   conftest.c  >&5
configure:12247: $? = 0
configure:12265: result: yes
configure:12232: checking if gcc supports -Wextra flag
configure:12247: gcc -o conftest -O3 -g -mavx2 -mfma -pedantic -Wall -Wextra   conftest.c  >&5
configure:12247: $? = 0
configure:12265: result: yes
configure:12232: checking if gcc supports -Wno-sign-compare flag
configure:12247: gcc -o conftest -O3 -g -mavx2 -mfma -pedantic -Wall -Wextra -Wno-sign-compare   conftest.c  >&5
configure:12247: $? = 0
configure:12265: result: yes
configure:12232: checking if gcc supports -Wno-parentheses flag
configure:12247: gcc -o conftest -O3 -g -mavx2 -mfma -pedantic -Wall -Wextra -Wno-sign-compare -Wno-parentheses   conftest.c  >&5
configure:12247: $? = 0
configure:12265: result: yes
configure:12232: checking if gcc supports -Wno-long-long flag
configure:12247: gcc -o conftest -O3 -g -mavx2 -mfma -pedantic -Wall -Wextra -Wno-sign-compare -Wno-parentheses -Wno-long-long   conftest.c  >&5
configure:12247: $? = 0
configure:12265: result: yes
configure:12458: checking for cos in -lm
configure:12483: gcc -o conftest -O3 -g -mavx2 -mfma -pedantic -Wall -Wextra -Wno-sign-compare -Wno-parentheses -Wno-long-long   conftest.c -lm   >&5
conftest.c:34:6: warning: conflicting types for built-in function 'cos' [enabled by default]
 char cos ();
      ^
configure:12483: $? = 0
configure:12492: result: yes
configure:12506: checking for gcc way to treat warnings as errors
configure:12521: gcc -o conftest -O3 -g -mavx2 -mfma -pedantic -Wall -Wextra -Wno-sign-compare -Wno-parentheses -Wno-long-long -Werror   conftest.c  >&5
configure:12521: $? = 0
configure:12566: result: -Werror
configure:12572: checking if gcc supports __attribute__(( visibility("default") ))
configure:12583: gcc -c -O3 -g -mavx2 -mfma -pedantic -Wall -Wextra -Wno-sign-compare -Wno-parentheses -Wno-long-long -Werror  conftest.c >&5
configure:12583: $? = 0
configure:12592: result: yes
configure:12602: checking if gcc supports -fvisibility=hidden
configure:12619: gcc -o conftest -O3 -g -mavx2 -mfma -pedantic -Wall -Wextra -Wno-sign-compare -Wno-parentheses -Wno-long-long -Werror -fvisibility=hidden   conftest.c  >&5
configure:12619: $? = 0
configure:12639: result: yes
configure:12667: checking for doxygen
configure:12695: result: no
configure:12705: checking for dot
configure:12733: result: no
configure:12870: checking that generated files are newer than configure
configure:12876: result: done
configure:12911: creating ./config.status

## ---------------------- ##
## Running config.status. ##
## ---------------------- ##

This file was extended by lpcnet config.status unknown, which was
generated by GNU Autoconf 2.69.  Invocation command line was

  CONFIG_FILES    = 
  CONFIG_HEADERS  = 
  CONFIG_LINKS    = 
  CONFIG_COMMANDS = 
  $ ./config.status 

on gpu96.corp.yodao.com

config.status:1106: creating Makefile
config.status:1106: creating lpcnet.pc
config.status:1106: creating lpcnet-uninstalled.pc
config.status:1106: creating doc/Doxyfile
config.status:1106: creating config.h
config.status:1287: config.h is unchanged
config.status:1335: executing depfiles commands
config.status:1335: executing libtool commands
configure:15068:
------------------------------------------------------------------------
  lpcnet unknown: Automatic configuration OK.

    Assertions ................... no

    Hidden visibility ............ yes

    API documentation ............ yes
------------------------------------------------------------------------


## ---------------- ##
## Cache variables. ##
## ---------------- ##

ac_cv_build=x86_64-unknown-linux-gnu
ac_cv_c_compiler_gnu=yes
ac_cv_c_inline=inline
ac_cv_env_CC_set=
ac_cv_env_CC_value=
ac_cv_env_CFLAGS_set=set
ac_cv_env_CFLAGS_value='-O3 -g -mavx2 -mfma'
ac_cv_env_CPPFLAGS_set=
ac_cv_env_CPPFLAGS_value=
ac_cv_env_CPP_set=
ac_cv_env_CPP_value=
ac_cv_env_LDFLAGS_set=
ac_cv_env_LDFLAGS_value=
ac_cv_env_LIBS_set=
ac_cv_env_LIBS_value=
ac_cv_env_LT_SYS_LIBRARY_PATH_set=
ac_cv_env_LT_SYS_LIBRARY_PATH_value=
ac_cv_env_build_alias_set=
ac_cv_env_build_alias_value=
ac_cv_env_host_alias_set=
ac_cv_env_host_alias_value=
ac_cv_env_target_alias_set=
ac_cv_env_target_alias_value=
ac_cv_header_dlfcn_h=yes
ac_cv_header_inttypes_h=yes
ac_cv_header_memory_h=yes
ac_cv_header_minix_config_h=no
ac_cv_header_stdc=yes
ac_cv_header_stdint_h=yes
ac_cv_header_stdlib_h=yes
ac_cv_header_string_h=yes
ac_cv_header_strings_h=yes
ac_cv_header_sys_stat_h=yes
ac_cv_header_sys_types_h=yes
ac_cv_header_unistd_h=yes
ac_cv_host=x86_64-unknown-linux-gnu
ac_cv_lib_m_cos=yes
ac_cv_objext=o
ac_cv_path_EGREP='/usr/bin/grep -E'
ac_cv_path_FGREP='/usr/bin/grep -F'
ac_cv_path_GREP=/usr/bin/grep
ac_cv_path_SED=/usr/bin/sed
ac_cv_path_install='/usr/bin/install -c'
ac_cv_path_lt_DD=/usr/bin/dd
ac_cv_path_mkdir=/usr/bin/mkdir
ac_cv_prog_AWK=gawk
ac_cv_prog_CPP='gcc -E'
ac_cv_prog_HAVE_DOT=no
ac_cv_prog_HAVE_DOXYGEN=no
ac_cv_prog_ac_ct_AR=ar
ac_cv_prog_ac_ct_CC=gcc
ac_cv_prog_ac_ct_OBJDUMP=objdump
ac_cv_prog_ac_ct_RANLIB=ranlib
ac_cv_prog_ac_ct_STRIP=strip
ac_cv_prog_cc_c89=
ac_cv_prog_cc_g=yes
ac_cv_prog_make_make_set=yes
ac_cv_safe_to_define___extensions__=yes
ac_cv_sys_file_offset_bits=no
ac_cv_sys_largefile_CC=no
am_cv_CC_dependencies_compiler_type=gcc3
am_cv_make_support_nested_variables=yes
cc_cv_attribute_visibility_default=yes
cc_cv_cflags__Wall=yes
cc_cv_cflags__Werror=yes
cc_cv_cflags__Wextra=yes
cc_cv_cflags__Wno_long_long=yes
cc_cv_cflags__Wno_parentheses=yes
cc_cv_cflags__Wno_sign_compare=yes
cc_cv_cflags__fvisibility_hidden=yes
cc_cv_cflags__pedantic=yes
cc_cv_flag_visibility=yes
cc_cv_werror=-Werror
lt_cv_ar_at_file=@
lt_cv_archive_cmds_need_lc=no
lt_cv_deplibs_check_method=pass_all
lt_cv_file_magic_cmd='$MAGIC_CMD'
lt_cv_file_magic_test_file=
lt_cv_ld_reload_flag=-r
lt_cv_nm_interface='BSD nm'
lt_cv_objdir=.libs
lt_cv_path_LD=/usr/bin/ld
lt_cv_path_NM='/usr/bin/nm -B'
lt_cv_path_mainfest_tool=no
lt_cv_prog_compiler_c_o=yes
lt_cv_prog_compiler_pic='-fPIC -DPIC'
lt_cv_prog_compiler_pic_works=yes
lt_cv_prog_compiler_rtti_exceptions=no
lt_cv_prog_compiler_static_works=yes
lt_cv_prog_gnu_ld=yes
lt_cv_sharedlib_from_linklib_cmd='printf %s\n'
lt_cv_shlibpath_overrides_runpath=no
lt_cv_sys_global_symbol_pipe='sed -n -e '\''s/^.*[	 ]\([ABCDGIRSTW][ABCDGIRSTW]*\)[	 ][	 ]*\([_A-Za-z][_A-Za-z0-9]*\)$/\1 \2 \2/p'\'' | sed '\''/ __gnu_lto/d'\'''
lt_cv_sys_global_symbol_to_c_name_address='sed -n -e '\''s/^: \(.*\) .*$/  {"\1", (void *) 0},/p'\'' -e '\''s/^[ABCDGIRSTW][ABCDGIRSTW]* .* \(.*\)$/  {"\1", (void *) \&\1},/p'\'''
lt_cv_sys_global_symbol_to_c_name_address_lib_prefix='sed -n -e '\''s/^: \(.*\) .*$/  {"\1", (void *) 0},/p'\'' -e '\''s/^[ABCDGIRSTW][ABCDGIRSTW]* .* \(lib.*\)$/  {"\1", (void *) \&\1},/p'\'' -e '\''s/^[ABCDGIRSTW][ABCDGIRSTW]* .* \(.*\)$/  {"lib\1", (void *) \&\1},/p'\'''
lt_cv_sys_global_symbol_to_cdecl='sed -n -e '\''s/^T .* \(.*\)$/extern int \1();/p'\'' -e '\''s/^[ABCDGIRSTW][ABCDGIRSTW]* .* \(.*\)$/extern char \1;/p'\'''
lt_cv_sys_global_symbol_to_import=
lt_cv_sys_max_cmd_len=1572864
lt_cv_to_host_file_cmd=func_convert_file_noop
lt_cv_to_tool_file_cmd=func_convert_file_noop
lt_cv_truncate_bin='/usr/bin/dd bs=4096 count=1'

## ----------------- ##
## Output variables. ##
## ----------------- ##

ACLOCAL='${SHELL} /ssd4/exec/yins/work/vocoders/LPCNet_Bunched_V2/missing aclocal-1.13'
AMDEPBACKSLASH='\'
AMDEP_FALSE='#'
AMDEP_TRUE=''
AMTAR='$${TAR-tar}'
AM_BACKSLASH='\'
AM_DEFAULT_V='$(AM_DEFAULT_VERBOSITY)'
AM_DEFAULT_VERBOSITY='0'
AM_V='$(V)'
AR='ar'
AUTOCONF='${SHELL} /ssd4/exec/yins/work/vocoders/LPCNet_Bunched_V2/missing autoconf'
AUTOHEADER='${SHELL} /ssd4/exec/yins/work/vocoders/LPCNet_Bunched_V2/missing autoheader'
AUTOMAKE='${SHELL} /ssd4/exec/yins/work/vocoders/LPCNet_Bunched_V2/missing automake-1.13'
AWK='gawk'
CC='gcc'
CCDEPMODE='depmode=gcc3'
CFLAGS='-O3 -g -mavx2 -mfma -pedantic -Wall -Wextra -Wno-sign-compare -Wno-parentheses -Wno-long-long -fvisibility=hidden'
CPP='gcc -E'
CPPFLAGS=''
CYGPATH_W='echo'
DEFS='-DHAVE_CONFIG_H'
DEPDIR='.deps'
DLLTOOL='false'
DSYMUTIL=''
DUMPBIN=''
ECHO_C=''
ECHO_N='-n'
ECHO_T=''
EGREP='/usr/bin/grep -E'
EXEEXT=''
FGREP='/usr/bin/grep -F'
GREP='/usr/bin/grep'
HAVE_DOT='no'
HAVE_DOXYGEN='no'
HAVE_DOXYGEN_FALSE=''
HAVE_DOXYGEN_TRUE='#'
INSTALL_DATA='${INSTALL} -m 644'
INSTALL_PROGRAM='${INSTALL}'
INSTALL_SCRIPT='${INSTALL}'
INSTALL_STRIP_PROGRAM='$(install_sh) -c -s'
LD='/usr/bin/ld -m elf_x86_64'
LDFLAGS=''
LIBM='-lm'
LIBOBJS=''
LIBS=''
LIBTOOL='$(SHELL) $(top_builddir)/libtool'
LIPO=''
LN_S='ln -s'
LTLIBOBJS=''
LT_SYS_LIBRARY_PATH=''
MAINT=''
MAINTAINER_MODE_FALSE='#'
MAINTAINER_MODE_TRUE=''
MAKEINFO='${SHELL} /ssd4/exec/yins/work/vocoders/LPCNet_Bunched_V2/missing makeinfo'
MANIFEST_TOOL=':'
MKDIR_P='/usr/bin/mkdir -p'
NM='/usr/bin/nm -B'
NMEDIT=''
OBJDUMP='objdump'
OBJEXT='o'
OP_LT_AGE='0'
OP_LT_CURRENT='0'
OP_LT_REVISION='0'
OP_WIN32_FALSE=''
OP_WIN32_TRUE='#'
OTOOL64=''
OTOOL=''
PACKAGE='lpcnet'
PACKAGE_BUGREPORT='jmvalin@jmvalin.ca'
PACKAGE_NAME='lpcnet'
PACKAGE_STRING='lpcnet unknown'
PACKAGE_TARNAME='lpcnet'
PACKAGE_URL=''
PACKAGE_VERSION='unknown'
PATH_SEPARATOR=':'
RANLIB='ranlib'
SED='/usr/bin/sed'
SET_MAKE=''
SHELL='/bin/sh'
STRIP='strip'
VERSION='unknown'
ac_ct_AR='ar'
ac_ct_CC='gcc'
ac_ct_DUMPBIN=''
am__EXEEXT_FALSE=''
am__EXEEXT_TRUE='#'
am__fastdepCC_FALSE='#'
am__fastdepCC_TRUE=''
am__include='include'
am__isrc=''
am__leading_dot='.'
am__nodep='_no'
am__quote=''
am__tar='$${TAR-tar} chof - "$$tardir"'
am__untar='$${TAR-tar} xf -'
bindir='${exec_prefix}/bin'
build='x86_64-unknown-linux-gnu'
build_alias=''
build_cpu='x86_64'
build_os='linux-gnu'
build_vendor='unknown'
datadir='${datarootdir}'
datarootdir='${prefix}/share'
docdir='${datarootdir}/doc/${PACKAGE_TARNAME}'
dvidir='${docdir}'
exec_prefix='${prefix}'
host='x86_64-unknown-linux-gnu'
host_alias=''
host_cpu='x86_64'
host_os='linux-gnu'
host_vendor='unknown'
htmldir='${docdir}'
includedir='${prefix}/include'
infodir='${datarootdir}/info'
install_sh='${SHELL} /ssd4/exec/yins/work/vocoders/LPCNet_Bunched_V2/install-sh'
libdir='${exec_prefix}/lib'
libexecdir='${exec_prefix}/libexec'
localedir='${datarootdir}/locale'
localstatedir='${prefix}/var'
lrintf_lib=''
mandir='${datarootdir}/man'
mkdir_p='$(MKDIR_P)'
oldincludedir='/usr/include'
pdfdir='${docdir}'
prefix='/usr/local'
program_transform_name='s,x,x,'
psdir='${docdir}'
sbindir='${exec_prefix}/sbin'
sharedstatedir='${prefix}/com'
sysconfdir='${prefix}/etc'
target_alias=''

## ----------- ##
## confdefs.h. ##
## ----------- ##

/* confdefs.h */
#define PACKAGE_NAME "lpcnet"
#define PACKAGE_TARNAME "lpcnet"
#define PACKAGE_VERSION "unknown"
#define PACKAGE_STRING "lpcnet unknown"
#define PACKAGE_BUGREPORT "jmvalin@jmvalin.ca"
#define PACKAGE_URL ""
#define STDC_HEADERS 1
#define HAVE_SYS_TYPES_H 1
#define HAVE_SYS_STAT_H 1
#define HAVE_STDLIB_H 1
#define HAVE_STRING_H 1
#define HAVE_MEMORY_H 1
#define HAVE_STRINGS_H 1
#define HAVE_INTTYPES_H 1
#define HAVE_STDINT_H 1
#define HAVE_UNISTD_H 1
#define __EXTENSIONS__ 1
#define _ALL_SOURCE 1
#define _GNU_SOURCE 1
#define _POSIX_PTHREAD_SEMANTICS 1
#define _TANDEM_SOURCE 1
#define HAVE_DLFCN_H 1
#define LT_OBJDIR ".libs/"
#define LPCNET_BUILD /**/
#define SUPPORT_ATTRIBUTE_VISIBILITY_DEFAULT 1
#define SUPPORT_FLAG_VISIBILITY 1

configure: exit 0
